<?xml version="1.0" encoding="UTF-8"?>
<!-- Generated by org.testng.reporters.JUnitXMLReporter -->
<testsuite hostname="DESKTOP-CGQIUI2" name="Test" tests="8" failures="0" timestamp="12 Feb 2023 08:02:02 GMT" time="56.371" errors="0">
  <testcase name="PostRequest" time="4.665" classname="org.testing.testCases.TC1_PostRequest"/>
  <testcase name="GetRequest" time="2.182" classname="org.testing.testCases.TC2_GetRequest"/>
  <testcase name="testCase3" time="2.092" classname="org.testing.testCases.TC3_GetParticularRecord"/>
  <testcase name="UpdateRequest" time="2.107" classname="org.testing.testCases.TC4_UpdateRecord"/>
  <testcase name="testCase5" time="2.084" classname="org.testing.testCases.TC5_DeleteRequest"/>
  <testcase name="PostRequest" time="0.888" classname="org.testing.testCases.TC6_DummyPostRequest"/>
  <testcase name="GetRequest" time="39.899" classname="org.testing.testCases.TC7_DummyGetRequestAll"/>
  <testcase name="TC8" time="2.409" classname="org.testing.testCases.TC8_GetParticularFromDummy"/>
</testsuite> <!-- Test -->
